BASH_VERSION: 3.2.57(1)-release
ZSH_VERSION: 
## ==, != ----------------------------
10 is 10.
 11 is 11.
12 is 12.
13 is not 10.
"" is not defined but 0.
./3-if-number.sh: line 27: ((: == 0 : syntax error: operand expected (error token is "== 0 ")
"" is not available.
## -eq, -ne ----------------------------
10 is 10.
 11 is 11.
12 is not 10.
./3-if-number.sh: line 48: ((: 5 -eq 5 : syntax error in expression (error token is "5 ")
./3-if-number.sh: line 51: ((: not_defined -eq 0 : syntax error in expression (error token is "0 ")
## = ----------------------------
./3-if-number.sh: line 59: ((: 5 = 5 : attempted assignment to non-variable (error token is "= 5 ")
5 is 5.
./3-if-number.sh: line 59: ((: 6 = 5 : attempted assignment to non-variable (error token is "= 5 ")
5 is 5.
## <, >, >=, <= ----------------------------
2 is less than 3.
3 is less equal 3.
7 is greater equal 7.
10 is greater than 7.
6 is greater than 5.
5 is in else
abc is less than 5.
./3-if-number.sh: line 75: ((: < 3 : syntax error: operand expected (error token is "< 3 ")
./3-if-number.sh: line 77: ((: <= 3 : syntax error: operand expected (error token is "<= 3 ")
./3-if-number.sh: line 79: ((: < 5 : syntax error: operand expected (error token is "< 5 ")
./3-if-number.sh: line 81: ((: > 7 : syntax error: operand expected (error token is "> 7 ")
./3-if-number.sh: line 83: ((: >= 7 : syntax error: operand expected (error token is ">= 7 ")
 is in else
## -lt, -gt, -le, -lt ----------------------------
./3-if-number.sh: line 105: ((: 2 -lt 3 : syntax error in expression (error token is "3 ")
./3-if-number.sh: line 107: ((: 2 -le 3 : syntax error in expression (error token is "3 ")
./3-if-number.sh: line 109: ((: 2 -lt 5 : syntax error in expression (error token is "5 ")
./3-if-number.sh: line 111: ((: 2 -gt 7 : syntax error in expression (error token is "7 ")
./3-if-number.sh: line 113: ((: 2 -ge 7 : syntax error in expression (error token is "7 ")
./3-if-number.sh: line 115: ((: variable -gt 5 : syntax error in expression (error token is "5 ")
2 is in else
./3-if-number.sh: line 105: ((: 3 -lt 3 : syntax error in expression (error token is "3 ")
./3-if-number.sh: line 107: ((: 3 -le 3 : syntax error in expression (error token is "3 ")
./3-if-number.sh: line 109: ((: 3 -lt 5 : syntax error in expression (error token is "5 ")
./3-if-number.sh: line 111: ((: 3 -gt 7 : syntax error in expression (error token is "7 ")
./3-if-number.sh: line 113: ((: 3 -ge 7 : syntax error in expression (error token is "7 ")
./3-if-number.sh: line 115: ((: variable -gt 5 : syntax error in expression (error token is "5 ")
3 is in else
./3-if-number.sh: line 105: ((: 7 -lt 3 : syntax error in expression (error token is "3 ")
./3-if-number.sh: line 107: ((: 7 -le 3 : syntax error in expression (error token is "3 ")
./3-if-number.sh: line 109: ((: 7 -lt 5 : syntax error in expression (error token is "5 ")
./3-if-number.sh: line 111: ((: 7 -gt 7 : syntax error in expression (error token is "7 ")
./3-if-number.sh: line 113: ((: 7 -ge 7 : syntax error in expression (error token is "7 ")
./3-if-number.sh: line 115: ((: variable -gt 5 : syntax error in expression (error token is "5 ")
7 is in else
./3-if-number.sh: line 105: ((: 8 -lt 3 : syntax error in expression (error token is "3 ")
./3-if-number.sh: line 107: ((: 8 -le 3 : syntax error in expression (error token is "3 ")
./3-if-number.sh: line 109: ((: 8 -lt 5 : syntax error in expression (error token is "5 ")
./3-if-number.sh: line 111: ((: 8 -gt 7 : syntax error in expression (error token is "7 ")
./3-if-number.sh: line 113: ((: 8 -ge 7 : syntax error in expression (error token is "7 ")
./3-if-number.sh: line 115: ((: variable -gt 5 : syntax error in expression (error token is "5 ")
8 is in else
./3-if-number.sh: line 105: ((: 6 -lt 3 : syntax error in expression (error token is "3 ")
./3-if-number.sh: line 107: ((: 6 -le 3 : syntax error in expression (error token is "3 ")
./3-if-number.sh: line 109: ((: 6 -lt 5 : syntax error in expression (error token is "5 ")
./3-if-number.sh: line 111: ((: 6 -gt 7 : syntax error in expression (error token is "7 ")
./3-if-number.sh: line 113: ((: 6 -ge 7 : syntax error in expression (error token is "7 ")
./3-if-number.sh: line 115: ((: variable -gt 5 : syntax error in expression (error token is "5 ")
6 is in else
./3-if-number.sh: line 105: ((: 5 -lt 3 : syntax error in expression (error token is "3 ")
./3-if-number.sh: line 107: ((: 5 -le 3 : syntax error in expression (error token is "3 ")
./3-if-number.sh: line 109: ((: 5 -lt 5 : syntax error in expression (error token is "5 ")
./3-if-number.sh: line 111: ((: 5 -gt 7 : syntax error in expression (error token is "7 ")
./3-if-number.sh: line 113: ((: 5 -ge 7 : syntax error in expression (error token is "7 ")
./3-if-number.sh: line 115: ((: variable -gt 5 : syntax error in expression (error token is "5 ")
5 is in else
./3-if-number.sh: line 105: ((: abc -lt 3 : syntax error in expression (error token is "3 ")
./3-if-number.sh: line 107: ((: abc -le 3 : syntax error in expression (error token is "3 ")
./3-if-number.sh: line 109: ((: abc -lt 5 : syntax error in expression (error token is "5 ")
./3-if-number.sh: line 111: ((: abc -gt 7 : syntax error in expression (error token is "7 ")
./3-if-number.sh: line 113: ((: abc -ge 7 : syntax error in expression (error token is "7 ")
./3-if-number.sh: line 115: ((: variable -gt 5 : syntax error in expression (error token is "5 ")
abc is in else
./3-if-number.sh: line 105: ((: -lt 3 : syntax error in expression (error token is "3 ")
./3-if-number.sh: line 107: ((: -le 3 : syntax error in expression (error token is "3 ")
./3-if-number.sh: line 109: ((: -lt 5 : syntax error in expression (error token is "5 ")
./3-if-number.sh: line 111: ((: -gt 7 : syntax error in expression (error token is "7 ")
./3-if-number.sh: line 113: ((: -ge 7 : syntax error in expression (error token is "7 ")
./3-if-number.sh: line 115: ((: variable -gt 5 : syntax error in expression (error token is "5 ")
 is in else
## calcurate and compare ----------------------------
2 + 2 == 4
3 + 2 == 5
4 - 4 == 0
5 * 2  == 10
6 / 3  == 2
10 / 3  == 3 (not 3.333...)
./3-if-number.sh: line 147: ((: float 14 / 4.0 == 3.5 : syntax error in expression (error token is "14 / 4.0 == 3.5 ")
./3-if-number.sh: line 153: ((: 14 / 4.0 == 3.5 : syntax error: invalid arithmetic operator (error token is ".0 == 3.5 ")
14 is in else
./3-if-number.sh: line 147: ((: float 1 / 4.0 == 3.5 : syntax error in expression (error token is "1 / 4.0 == 3.5 ")
1 + 1 * 2 == 3
./3-if-number.sh: line 147: ((: float -1 / 4.0 == 3.5 : syntax error: invalid arithmetic operator (error token is ".0 == 3.5 ")
( -1 + 1 ) * 2 == 0
## string as variable name ----------------------------
abc is 0.
${stringVariable1} is 1.
stringVariable1 is 1.
